<?xml version="1.0" encoding="utf-8" standalone="no"?>
<test-run id="0" runstate="Runnable" testcasecount="0" result="Failed" label="Invalid" total="0" passed="0" failed="0" inconclusive="0" skipped="0" asserts="0" engine-version="3.11.1.0" clr-version="4.0.30319.42000" start-time="2020-07-12 20:46:49Z" end-time="2020-07-12 20:46:50Z" duration="0.538467">
  <command-line><![CDATA[nunit3-console.exe  "C:\Users\972797\source\repos\UIAutomation\UIAutomationForVacationDirect\StepDefinitions\HotelSearchSteps.cs"]]></command-line>
  <test-suite type="Unknown" id="0-1" name="HotelSearchSteps.cs" fullname="C:\Users\972797\source\repos\UIAutomation\UIAutomationForVacationDirect\StepDefinitions\HotelSearchSteps.cs" testcasecount="0" runstate="NotRunnable" result="Failed" label="Invalid">
    <properties>
      <property name="_SKIPREASON" value="File type is not supported" />
    </properties>
    <reason>
      <message>File type is not supported</message>
    </reason>
  </test-suite>
</test-run>